<?xml version="1.0" encoding="UTF-8"?>
<testng-results skipped="0" failed="0" ignored="0" total="11" passed="11">
  <reporter-output>
  </reporter-output>
  <suite name="Default suite" duration-ms="224" started-at="2021-01-17T23:27:18 IST" finished-at="2021-01-17T23:27:19 IST">
    <groups>
    </groups>
    <test name="Default test" duration-ms="224" started-at="2021-01-17T23:27:18 IST" finished-at="2021-01-17T23:27:19 IST">
      <class name="com.TestNGBasicFeatures.OtherMainFeaturesSamplesTest">
        <test-method status="PASS" signature="ArthematicExceptionSample()[pri:0, instance:com.TestNGBasicFeatures.OtherMainFeaturesSamplesTest@376b4233]" name="ArthematicExceptionSample" duration-ms="18" started-at="2021-01-17T23:27:18 IST" finished-at="2021-01-17T23:27:18 IST">
          <exception class="java.lang.ArithmeticException">
            <message>
              <![CDATA[/ by zero]]>
            </message>
            <full-stacktrace>
              <![CDATA[java.lang.ArithmeticException: / by zero
at com.TestNGBasicFeatures.OtherMainFeaturesSamplesTest.ArthematicExceptionSample(OtherMainFeaturesSamplesTest.java:27)
at sun.reflect.NativeMethodAccessorImpl.invoke0(Native Method)
at sun.reflect.NativeMethodAccessorImpl.invoke(Unknown Source)
at sun.reflect.DelegatingMethodAccessorImpl.invoke(Unknown Source)
at java.lang.reflect.Method.invoke(Unknown Source)
at org.testng.internal.MethodInvocationHelper.invokeMethod(MethodInvocationHelper.java:132)
at org.testng.internal.TestInvoker.invokeMethod(TestInvoker.java:599)
at org.testng.internal.TestInvoker.invokeTestMethod(TestInvoker.java:174)
at org.testng.internal.MethodRunner.runInSequence(MethodRunner.java:46)
at org.testng.internal.TestInvoker$MethodInvocationAgent.invoke(TestInvoker.java:822)
at org.testng.internal.TestInvoker.invokeTestMethods(TestInvoker.java:147)
at org.testng.internal.TestMethodWorker.invokeTestMethods(TestMethodWorker.java:146)
at org.testng.internal.TestMethodWorker.run(TestMethodWorker.java:128)
at java.util.ArrayList.forEach(Unknown Source)
at org.testng.TestRunner.privateRun(TestRunner.java:764)
at org.testng.TestRunner.run(TestRunner.java:585)
at org.testng.SuiteRunner.runTest(SuiteRunner.java:384)
at org.testng.SuiteRunner.runSequentially(SuiteRunner.java:378)
at org.testng.SuiteRunner.privateRun(SuiteRunner.java:337)
at org.testng.SuiteRunner.run(SuiteRunner.java:286)
at org.testng.SuiteRunnerWorker.runSuite(SuiteRunnerWorker.java:53)
at org.testng.SuiteRunnerWorker.run(SuiteRunnerWorker.java:96)
at org.testng.TestNG.runSuitesSequentially(TestNG.java:1218)
at org.testng.TestNG.runSuitesLocally(TestNG.java:1140)
at org.testng.TestNG.runSuites(TestNG.java:1069)
at org.testng.TestNG.run(TestNG.java:1037)
at org.testng.remote.AbstractRemoteTestNG.run(AbstractRemoteTestNG.java:115)
at org.testng.remote.RemoteTestNG.initAndRun(RemoteTestNG.java:251)
at org.testng.remote.RemoteTestNG.main(RemoteTestNG.java:77)
]]>
            </full-stacktrace>
          </exception> <!-- java.lang.ArithmeticException -->
          <reporter-output>
          </reporter-output>
        </test-method> <!-- ArthematicExceptionSample -->
        <test-method status="PASS" signature="InvocationCountSample()[pri:0, instance:com.TestNGBasicFeatures.OtherMainFeaturesSamplesTest@376b4233]" name="InvocationCountSample" duration-ms="4" started-at="2021-01-17T23:27:18 IST" finished-at="2021-01-17T23:27:18 IST">
          <reporter-output>
          </reporter-output>
        </test-method> <!-- InvocationCountSample -->
        <test-method status="PASS" signature="InvocationCountSample()[pri:0, instance:com.TestNGBasicFeatures.OtherMainFeaturesSamplesTest@376b4233]" name="InvocationCountSample" duration-ms="7" started-at="2021-01-17T23:27:18 IST" finished-at="2021-01-17T23:27:18 IST">
          <reporter-output>
          </reporter-output>
        </test-method> <!-- InvocationCountSample -->
        <test-method status="PASS" signature="InvocationCountSample()[pri:0, instance:com.TestNGBasicFeatures.OtherMainFeaturesSamplesTest@376b4233]" name="InvocationCountSample" duration-ms="5" started-at="2021-01-17T23:27:18 IST" finished-at="2021-01-17T23:27:18 IST">
          <reporter-output>
          </reporter-output>
        </test-method> <!-- InvocationCountSample -->
        <test-method status="PASS" signature="InvocationCountSample()[pri:0, instance:com.TestNGBasicFeatures.OtherMainFeaturesSamplesTest@376b4233]" name="InvocationCountSample" duration-ms="2" started-at="2021-01-17T23:27:18 IST" finished-at="2021-01-17T23:27:18 IST">
          <reporter-output>
          </reporter-output>
        </test-method> <!-- InvocationCountSample -->
        <test-method status="PASS" signature="InvocationCountSample()[pri:0, instance:com.TestNGBasicFeatures.OtherMainFeaturesSamplesTest@376b4233]" name="InvocationCountSample" duration-ms="8" started-at="2021-01-17T23:27:18 IST" finished-at="2021-01-17T23:27:18 IST">
          <reporter-output>
          </reporter-output>
        </test-method> <!-- InvocationCountSample -->
        <test-method status="PASS" signature="InvocationCountSample()[pri:0, instance:com.TestNGBasicFeatures.OtherMainFeaturesSamplesTest@376b4233]" name="InvocationCountSample" duration-ms="7" started-at="2021-01-17T23:27:18 IST" finished-at="2021-01-17T23:27:18 IST">
          <reporter-output>
          </reporter-output>
        </test-method> <!-- InvocationCountSample -->
        <test-method status="PASS" signature="InvocationCountSample()[pri:0, instance:com.TestNGBasicFeatures.OtherMainFeaturesSamplesTest@376b4233]" name="InvocationCountSample" duration-ms="6" started-at="2021-01-17T23:27:18 IST" finished-at="2021-01-17T23:27:18 IST">
          <reporter-output>
          </reporter-output>
        </test-method> <!-- InvocationCountSample -->
        <test-method status="PASS" signature="InvocationCountSample()[pri:0, instance:com.TestNGBasicFeatures.OtherMainFeaturesSamplesTest@376b4233]" name="InvocationCountSample" duration-ms="2" started-at="2021-01-17T23:27:18 IST" finished-at="2021-01-17T23:27:18 IST">
          <reporter-output>
          </reporter-output>
        </test-method> <!-- InvocationCountSample -->
        <test-method status="PASS" signature="InvocationCountSample()[pri:0, instance:com.TestNGBasicFeatures.OtherMainFeaturesSamplesTest@376b4233]" name="InvocationCountSample" duration-ms="7" started-at="2021-01-17T23:27:18 IST" finished-at="2021-01-17T23:27:18 IST">
          <reporter-output>
          </reporter-output>
        </test-method> <!-- InvocationCountSample -->
        <test-method status="PASS" signature="InvocationCountSample()[pri:0, instance:com.TestNGBasicFeatures.OtherMainFeaturesSamplesTest@376b4233]" name="InvocationCountSample" duration-ms="2" started-at="2021-01-17T23:27:18 IST" finished-at="2021-01-17T23:27:18 IST">
          <reporter-output>
          </reporter-output>
        </test-method> <!-- InvocationCountSample -->
      </class> <!-- com.TestNGBasicFeatures.OtherMainFeaturesSamplesTest -->
    </test> <!-- Default test -->
  </suite> <!-- Default suite -->
</testng-results>
