<?xml version="1.0" encoding="UTF-8"?>
<!-- Generated by org.testng.reporters.JUnitXMLReporter -->
<testsuite hostname="Vineeth" ignored="0" name="TestNG Features" tests="8" failures="2" timestamp="2021-01-17T14:56:40 IST" time="0.195" errors="0">
  <testcase name="sampleTest1" time="0.018" classname="com.TestNGBasicFeatures.RetryRunTest">
    <skipped/>
  </testcase> <!-- sampleTest1 -->
  <testcase name="sampleTest1" time="0.003" classname="com.TestNGBasicFeatures.RetryRunTest">
    <skipped/>
  </testcase> <!-- sampleTest1 -->
  <testcase name="sampleTest1" time="0.01" classname="com.TestNGBasicFeatures.RetryRunTest">
    <skipped/>
  </testcase> <!-- sampleTest1 -->
  <testcase name="sampleTest1" time="0.005" classname="com.TestNGBasicFeatures.RetryRunTest">
    <failure type="java.lang.AssertionError" message="values are different expected [5] but found [3]">
      <![CDATA[java.lang.AssertionError: values are different expected [5] but found [3]
at com.TestNGBasicFeatures.RetryRunTest.sampleTest1(RetryRunTest.java:10)
at java.util.ArrayList.forEach(Unknown Source)
... Removed 32 stack frames]]>
    </failure>
  </testcase> <!-- sampleTest1 -->
  <testcase name="sampleTest2" time="0.011" classname="com.TestNGBasicFeatures.RetryRunTest">
    <skipped/>
  </testcase> <!-- sampleTest2 -->
  <testcase name="sampleTest2" time="0.006" classname="com.TestNGBasicFeatures.RetryRunTest">
    <skipped/>
  </testcase> <!-- sampleTest2 -->
  <testcase name="sampleTest2" time="0.001" classname="com.TestNGBasicFeatures.RetryRunTest">
    <skipped/>
  </testcase> <!-- sampleTest2 -->
  <testcase name="sampleTest2" time="0.003" classname="com.TestNGBasicFeatures.RetryRunTest">
    <failure type="java.lang.AssertionError" message="expected [f] but found [a]">
      <![CDATA[java.lang.AssertionError: expected [f] but found [a]
at com.TestNGBasicFeatures.RetryRunTest.sampleTest2(RetryRunTest.java:15)
at java.util.ArrayList.forEach(Unknown Source)
... Removed 33 stack frames]]>
    </failure>
  </testcase> <!-- sampleTest2 -->
</testsuite> <!-- TestNG Features -->
