<?xml version="1.0" encoding="UTF-8"?>
<!-- Generated by org.testng.reporters.JUnitXMLReporter -->
<testsuite hostname="Vineeth" ignored="0" name="Default test" tests="11" failures="0" timestamp="2021-01-17T23:27:19 IST" time="0.224" errors="0">
  <testcase name="ArthematicExceptionSample" time="0.018" classname="com.TestNGBasicFeatures.OtherMainFeaturesSamplesTest"/>
  <testcase name="InvocationCountSample" time="0.004" classname="com.TestNGBasicFeatures.OtherMainFeaturesSamplesTest"/>
  <testcase name="InvocationCountSample" time="0.007" classname="com.TestNGBasicFeatures.OtherMainFeaturesSamplesTest"/>
  <testcase name="InvocationCountSample" time="0.005" classname="com.TestNGBasicFeatures.OtherMainFeaturesSamplesTest"/>
  <testcase name="InvocationCountSample" time="0.002" classname="com.TestNGBasicFeatures.OtherMainFeaturesSamplesTest"/>
  <testcase name="InvocationCountSample" time="0.008" classname="com.TestNGBasicFeatures.OtherMainFeaturesSamplesTest"/>
  <testcase name="InvocationCountSample" time="0.007" classname="com.TestNGBasicFeatures.OtherMainFeaturesSamplesTest"/>
  <testcase name="InvocationCountSample" time="0.006" classname="com.TestNGBasicFeatures.OtherMainFeaturesSamplesTest"/>
  <testcase name="InvocationCountSample" time="0.002" classname="com.TestNGBasicFeatures.OtherMainFeaturesSamplesTest"/>
  <testcase name="InvocationCountSample" time="0.007" classname="com.TestNGBasicFeatures.OtherMainFeaturesSamplesTest"/>
  <testcase name="InvocationCountSample" time="0.002" classname="com.TestNGBasicFeatures.OtherMainFeaturesSamplesTest"/>
</testsuite> <!-- Default test -->
